#
# There is insufficient memory for the Java Runtime Environment to continue.
# Native memory allocation (malloc) failed to allocate 765264 bytes. Error detail: Chunk::new
# Possible reasons:
#   The system is out of physical RAM or swap space
#   This process is running with CompressedOops enabled, and the Java Heap may be blocking the growth of the native heap
# Possible solutions:
#   Reduce memory load on the system
#   Increase physical memory or swap space
#   Check if swap backing store is full
#   Decrease Java heap size (-Xmx/-Xms)
#   Decrease number of Java threads
#   Decrease Java thread stack sizes (-Xss)
#   Set larger code cache with -XX:ReservedCodeCacheSize=
#   JVM is running with Zero Based Compressed Oops mode in which the Java heap is
#     placed in the first 32GB address space. The Java Heap base address is the
#     maximum limit for the native heap growth. Please use -XX:HeapBaseMinAddress
#     to set the Java Heap base and to place the Java Heap above 32GB virtual address.
# This output file may be truncated or incomplete.
#
#  Out of Memory Error (arena.cpp:150), pid=5536, tid=1912
#
# JRE version: OpenJDK Runtime Environment (22.0.2+9) (build 22.0.2+9-70)
# Java VM: OpenJDK 64-Bit Server VM (22.0.2+9-70, mixed mode, sharing, tiered, compressed oops, compressed class ptrs, g1 gc, windows-amd64)
# No core dump will be written. Minidumps are not enabled by default on client versions of Windows
#

---------------  S U M M A R Y ------------

Command Line: -javaagent:C:\Program Files\JetBrains\IntelliJ IDEA Community Edition 2024.1.4\lib\idea_rt.jar=54942:C:\Program Files\JetBrains\IntelliJ IDEA Community Edition 2024.1.4\bin -Dfile.encoding=UTF-8 -Dsun.stdout.encoding=UTF-8 -Dsun.stderr.encoding=UTF-8 com.taller.bibliotecas.BibliotecasApplication

Host: Intel(R) Core(TM) i5-8250U CPU @ 1.60GHz, 8 cores, 11G,  Windows 10 , 64 bit Build 19041 (10.0.19041.4842)
Time: Wed Sep 18 03:18:38 2024 Hora estándar oeste, Sudamérica elapsed time: 8.175393 seconds (0d 0h 0m 8s)

---------------  T H R E A D  ---------------

Current thread (0x000001ba0bccbe00):  JavaThread "C2 CompilerThread1" daemon [_thread_in_native, id=1912, stack(0x0000002a77500000,0x0000002a77600000) (1024K)]


Current CompileTask:
C2:8175 5452       4       org.antlr.v4.runtime.atn.ParserATNSimulator::closure_ (343 bytes)

Stack: [0x0000002a77500000,0x0000002a77600000]
Native frames: (J=compiled Java code, j=interpreted, Vv=VM code, C=native code)
V  [jvm.dll+0x6e26e9]  (no source info available)
V  [jvm.dll+0x875753]  (no source info available)
V  [jvm.dll+0x877b7e]  (no source info available)
V  [jvm.dll+0x878253]  (no source info available)
V  [jvm.dll+0x27fc86]  (no source info available)
V  [jvm.dll+0xc3d0f]  (no source info available)
V  [jvm.dll+0xc3f6b]  (no source info available)
V  [jvm.dll+0x3bb47c]  (no source info available)
V  [jvm.dll+0x387d4b]  (no source info available)
V  [jvm.dll+0x3871ba]  (no source info available)
V  [jvm.dll+0x2477f8]  (no source info available)
V  [jvm.dll+0x246e9f]  (no source info available)
V  [jvm.dll+0x1c4e80]  (no source info available)
V  [jvm.dll+0x2568f3]  (no source info available)
V  [jvm.dll+0x254baa]  (no source info available)
V  [jvm.dll+0x3f57a6]  (no source info available)
V  [jvm.dll+0x81dc0b]  (no source info available)
V  [jvm.dll+0x6e0d85]  (no source info available)
C  [ucrtbase.dll+0x21bb2]  (no source info available)
C  [KERNEL32.DLL+0x17374]  (no source info available)
C  [ntdll.dll+0x4cc91]  (no source info available)


---------------  P R O C E S S  ---------------

Threads class SMR info:
_java_thread_list=0x000001ba0aefb240, length=19, elements={
0x000001b9a48b13a0, 0x000001b9c24bbae0, 0x000001b9c24bca00, 0x000001b9c24c0e60,
0x000001b9c24c18c0, 0x000001b9c24c2320, 0x000001b9c24c2d80, 0x000001b9c24d3850,
0x000001b9c24f5f30, 0x000001b9c26eda60, 0x000001ba0807e220, 0x000001b9c29ed720,
0x000001ba084fd450, 0x000001ba084eb500, 0x000001ba0ce574a0, 0x000001b9c2948910,
0x000001ba0ad49530, 0x000001ba0bccbe00, 0x000001ba0bccc4d0
}

Java Threads: ( => current thread )
  0x000001b9a48b13a0 JavaThread "main"                              [_thread_blocked, id=12336, stack(0x0000002a76400000,0x0000002a76500000) (1024K)]
  0x000001b9c24bbae0 JavaThread "Reference Handler"          daemon [_thread_blocked, id=2032, stack(0x0000002a76c00000,0x0000002a76d00000) (1024K)]
  0x000001b9c24bca00 JavaThread "Finalizer"                  daemon [_thread_blocked, id=5180, stack(0x0000002a76d00000,0x0000002a76e00000) (1024K)]
  0x000001b9c24c0e60 JavaThread "Signal Dispatcher"          daemon [_thread_blocked, id=3356, stack(0x0000002a76e00000,0x0000002a76f00000) (1024K)]
  0x000001b9c24c18c0 JavaThread "Attach Listener"            daemon [_thread_blocked, id=8348, stack(0x0000002a76f00000,0x0000002a77000000) (1024K)]
  0x000001b9c24c2320 JavaThread "Service Thread"             daemon [_thread_blocked, id=13104, stack(0x0000002a77000000,0x0000002a77100000) (1024K)]
  0x000001b9c24c2d80 JavaThread "Monitor Deflation Thread"   daemon [_thread_blocked, id=1272, stack(0x0000002a77100000,0x0000002a77200000) (1024K)]
  0x000001b9c24d3850 JavaThread "C2 CompilerThread0"         daemon [_thread_in_native, id=12604, stack(0x0000002a77200000,0x0000002a77300000) (1024K)]
  0x000001b9c24f5f30 JavaThread "C1 CompilerThread0"         daemon [_thread_blocked, id=10964, stack(0x0000002a77300000,0x0000002a77400000) (1024K)]
  0x000001b9c26eda60 JavaThread "Common-Cleaner"             daemon [_thread_blocked, id=11352, stack(0x0000002a77400000,0x0000002a77500000) (1024K)]
  0x000001ba0807e220 JavaThread "Monitor Ctrl-Break"         daemon [_thread_in_native, id=12996, stack(0x0000002a77700000,0x0000002a77800000) (1024K)]
  0x000001b9c29ed720 JavaThread "Notification Thread"        daemon [_thread_blocked, id=12768, stack(0x0000002a77800000,0x0000002a77900000) (1024K)]
  0x000001ba084fd450 JavaThread "Thread-0"                          [_thread_blocked, id=12300, stack(0x0000002a77900000,0x0000002a77a00000) (1024K)]
  0x000001ba084eb500 JavaThread "restartedMain"                     [_thread_in_Java, id=12244, stack(0x0000002a77a00000,0x0000002a77b00000) (1024K)]
  0x000001ba0ce574a0 JavaThread "PostgreSQL-JDBC-Cleaner"    daemon [_thread_blocked, id=7448, stack(0x0000002a78400000,0x0000002a78500000) (1024K)]
  0x000001b9c2948910 JavaThread "HikariPool-1 housekeeper"   daemon [_thread_blocked, id=11672, stack(0x0000002a78500000,0x0000002a78600000) (1024K)]
  0x000001ba0ad49530 JavaThread "HikariPool-1 connection adder" daemon [_thread_blocked, id=14056, stack(0x0000002a78600000,0x0000002a78700000) (1024K)]
=>0x000001ba0bccbe00 JavaThread "C2 CompilerThread1"         daemon [_thread_in_native, id=1912, stack(0x0000002a77500000,0x0000002a77600000) (1024K)]
  0x000001ba0bccc4d0 JavaThread "C2 CompilerThread2"         daemon [_thread_in_native, id=4244, stack(0x0000002a77600000,0x0000002a77700000) (1024K)]
Total: 19

Other Threads:
  0x000001b9c24a01a0 VMThread "VM Thread"                           [id=9492, stack(0x0000002a76b00000,0x0000002a76c00000) (1024K)]
  0x000001b9c2487390 WatcherThread "VM Periodic Task Thread"        [id=11036, stack(0x0000002a76a00000,0x0000002a76b00000) (1024K)]
  0x000001b9a4904ec0 WorkerThread "GC Thread#0"                     [id=9684, stack(0x0000002a76500000,0x0000002a76600000) (1024K)]
  0x000001ba08672cb0 WorkerThread "GC Thread#1"                     [id=3348, stack(0x0000002a77b00000,0x0000002a77c00000) (1024K)]
  0x000001ba08673060 WorkerThread "GC Thread#2"                     [id=9388, stack(0x0000002a77c00000,0x0000002a77d00000) (1024K)]
  0x000001ba08673410 WorkerThread "GC Thread#3"                     [id=12688, stack(0x0000002a77e00000,0x0000002a77f00000) (1024K)]
  0x000001ba08841c70 WorkerThread "GC Thread#4"                     [id=13404, stack(0x0000002a77f00000,0x0000002a78000000) (1024K)]
  0x000001ba08842020 WorkerThread "GC Thread#5"                     [id=1824, stack(0x0000002a78000000,0x0000002a78100000) (1024K)]
  0x000001ba08ea3290 WorkerThread "GC Thread#6"                     [id=4528, stack(0x0000002a78100000,0x0000002a78200000) (1024K)]
  0x000001ba08a7d4d0 WorkerThread "GC Thread#7"                     [id=14192, stack(0x0000002a78200000,0x0000002a78300000) (1024K)]
  0x000001b9a490ef00 ConcurrentGCThread "G1 Main Marker"            [id=9708, stack(0x0000002a76600000,0x0000002a76700000) (1024K)]
  0x000001b9a490fa10 WorkerThread "G1 Conc#0"                       [id=10172, stack(0x0000002a76700000,0x0000002a76800000) (1024K)]
  0x000001ba09412ca0 WorkerThread "G1 Conc#1"                       [id=2112, stack(0x0000002a77d00000,0x0000002a77e00000) (1024K)]
  0x000001b9a496e950 ConcurrentGCThread "G1 Refine#0"               [id=3484, stack(0x0000002a76800000,0x0000002a76900000) (1024K)]
  0x000001b9c2355620 ConcurrentGCThread "G1 Service"                [id=6140, stack(0x0000002a76900000,0x0000002a76a00000) (1024K)]
Total: 15

Threads with active compile tasks:
C2 CompilerThread0  8504 5507       4       org.antlr.v4.runtime.misc.Array2DHashSet::getOrAddImpl (146 bytes)
C2 CompilerThread1  8504 5452       4       org.antlr.v4.runtime.atn.ParserATNSimulator::closure_ (343 bytes)
C2 CompilerThread2  8504 5449       4       org.antlr.v4.runtime.misc.IntervalSet::add (216 bytes)
Total: 3

VM state: not at safepoint (normal execution)

VM Mutex/Monitor currently owned by a thread: None

Heap address: 0x0000000741c00000, size: 3044 MB, Compressed Oops mode: Zero based, Oop shift amount: 3

CDS archive(s) mapped at: [0x000001b9c3000000-0x000001b9c3c60000-0x000001b9c3c60000), size 12976128, SharedBaseAddress: 0x000001b9c3000000, ArchiveRelocationMode: 1.
Compressed class space mapped at: 0x000001b9c4000000-0x000001ba04000000, reserved size: 1073741824
Narrow klass base: 0x000001b9c3000000, Narrow klass shift: 0, Narrow klass range: 0x41000000

GC Precious Log:
 CardTable entry size: 512
 Card Set container configuration: InlinePtr #cards 4 size 8 Array Of Cards #cards 16 size 48 Howl #buckets 8 coarsen threshold 3686 Howl Bitmap #cards 512 size 80 coarsen threshold 460 Card regions per heap region 1 cards per card region 4096
 CPUs: 8 total, 8 available
 Memory: 12174M
 Large Page Support: Disabled
 NUMA Support: Disabled
 Compressed Oops: Enabled (Zero based)
 Heap Region Size: 2M
 Heap Min Capacity: 8M
 Heap Initial Capacity: 192M
 Heap Max Capacity: 3044M
 Pre-touch: Disabled
 Parallel Workers: 8
 Concurrent Workers: 2
 Concurrent Refinement Workers: 8
 Periodic GC: Disabled

Heap:
 garbage-first heap   total reserved 3117056K, committed 55296K, used 33076K [0x0000000741c00000, 0x0000000800000000)
  region size 2048K, 5 young (10240K), 2 survivors (4096K)
 Metaspace       used 61247K, committed 61824K, reserved 1114112K
  class space    used 8655K, committed 8896K, reserved 1048576K

Heap Regions: E=young(eden), S=young(survivor), O=old, HS=humongous(starts), HC=humongous(continues), CS=collection set, F=free, TAMS=top-at-mark-start, PB=parsable bottom
|   0|0x0000000741c00000, 0x0000000741e00000, 0x0000000741e00000|100%| O|  |TAMS 0x0000000741c00000| PB 0x0000000741c00000| Untracked |  0
|   1|0x0000000741e00000, 0x0000000742000000, 0x0000000742000000|100%| O|  |TAMS 0x0000000741e00000| PB 0x0000000741e00000| Untracked |  0
|   2|0x0000000742000000, 0x0000000742200000, 0x0000000742200000|100%| O|  |TAMS 0x0000000742000000| PB 0x0000000742000000| Untracked |  0
|   3|0x0000000742200000, 0x0000000742400000, 0x0000000742400000|100%| O|  |TAMS 0x0000000742200000| PB 0x0000000742200000| Untracked |  0
|   4|0x0000000742400000, 0x0000000742600000, 0x0000000742600000|100%| O|  |TAMS 0x0000000742400000| PB 0x0000000742400000| Untracked |  0
|   5|0x0000000742600000, 0x0000000742800000, 0x0000000742800000|100%| O|  |TAMS 0x0000000742600000| PB 0x0000000742600000| Untracked |  0
|   6|0x0000000742800000, 0x0000000742a00000, 0x0000000742a00000|100%| O|  |TAMS 0x0000000742800000| PB 0x0000000742800000| Untracked |  0
|   7|0x0000000742a00000, 0x0000000742c00000, 0x0000000742c00000|100%| O|Cm|TAMS 0x0000000742a00000| PB 0x0000000742a00000| Complete |  0
|   8|0x0000000742c00000, 0x0000000742e00000, 0x0000000742e00000|100%| O|  |TAMS 0x0000000742c00000| PB 0x0000000742c00000| Untracked |  0
|   9|0x0000000742e00000, 0x0000000743000000, 0x0000000743000000|100%| O|  |TAMS 0x0000000742e00000| PB 0x0000000742e00000| Untracked |  0
|  10|0x0000000743000000, 0x0000000743200000, 0x0000000743200000|100%| O|  |TAMS 0x0000000743000000| PB 0x0000000743000000| Untracked |  0
|  11|0x0000000743200000, 0x0000000743400000, 0x0000000743400000|100%| O|  |TAMS 0x0000000743200000| PB 0x0000000743200000| Untracked |  0
|  12|0x0000000743400000, 0x0000000743540e38, 0x0000000743600000| 62%| O|  |TAMS 0x0000000743400000| PB 0x0000000743400000| Untracked |  0
|  13|0x0000000743600000, 0x0000000743600000, 0x0000000743800000|  0%| F|  |TAMS 0x0000000743600000| PB 0x0000000743600000| Untracked |  0
|  14|0x0000000743800000, 0x000000074390c540, 0x0000000743a00000| 52%| S|CS|TAMS 0x0000000743800000| PB 0x0000000743800000| Complete |  0
|  15|0x0000000743a00000, 0x0000000743c00000, 0x0000000743c00000|100%| S|CS|TAMS 0x0000000743a00000| PB 0x0000000743a00000| Complete |  0
|  16|0x0000000743c00000, 0x0000000743c00000, 0x0000000743e00000|  0%| F|  |TAMS 0x0000000743c00000| PB 0x0000000743c00000| Untracked |  0
|  17|0x0000000743e00000, 0x0000000743e00000, 0x0000000744000000|  0%| F|  |TAMS 0x0000000743e00000| PB 0x0000000743e00000| Untracked |  0
|  18|0x0000000744000000, 0x0000000744000000, 0x0000000744200000|  0%| F|  |TAMS 0x0000000744000000| PB 0x0000000744000000| Untracked |  0
|  19|0x0000000744200000, 0x0000000744200000, 0x0000000744400000|  0%| F|  |TAMS 0x0000000744200000| PB 0x0000000744200000| Untracked |  0
|  20|0x0000000744400000, 0x0000000744400000, 0x0000000744600000|  0%| F|  |TAMS 0x0000000744400000| PB 0x0000000744400000| Untracked |  0
|  21|0x0000000744600000, 0x0000000744600000, 0x0000000744800000|  0%| F|  |TAMS 0x0000000744600000| PB 0x0000000744600000| Untracked |  0
|  72|0x000000074ac00000, 0x000000074ac00000, 0x000000074ae00000|  0%| F|  |TAMS 0x000000074ac00000| PB 0x000000074ac00000| Untracked |  0
|  73|0x000000074ae00000, 0x000000074ae00000, 0x000000074b000000|  0%| F|  |TAMS 0x000000074ae00000| PB 0x000000074ae00000| Untracked |  0
|  74|0x000000074b000000, 0x000000074b120c18, 0x000000074b200000| 56%| E|  |TAMS 0x000000074b000000| PB 0x000000074b000000| Complete |  0
|  77|0x000000074b600000, 0x000000074b800000, 0x000000074b800000|100%| E|CS|TAMS 0x000000074b600000| PB 0x000000074b600000| Complete |  0
|  95|0x000000074da00000, 0x000000074dc00000, 0x000000074dc00000|100%| E|CS|TAMS 0x000000074da00000| PB 0x000000074da00000| Complete |  0

Card table byte_map: [0x000001b9bc520000,0x000001b9bcb20000] _byte_map_base: 0x000001b9b8b12000

Marking Bits: (CMBitMap*) 0x000001b9a49055d0
 Bits: [0x000001b9bcb20000, 0x000001b9bfab0000)

Polling page: 0x000001b9a2870000

Metaspace:

Usage:
  Non-class:     51.37 MB used.
      Class:      8.46 MB used.
       Both:     59.83 MB used.

Virtual space:
  Non-class space:       64.00 MB reserved,      51.69 MB ( 81%) committed,  1 nodes.
      Class space:        1.00 GB reserved,       8.75 MB ( <1%) committed,  1 nodes.
             Both:        1.06 GB reserved,      60.44 MB (  6%) committed. 

Chunk freelists:
   Non-Class:  12.08 MB
       Class:  7.23 MB
        Both:  19.31 MB

MaxMetaspaceSize: unlimited
CompressedClassSpaceSize: 1.00 GB
Initial GC threshold: 21.00 MB
Current GC threshold: 99.00 MB
CDS: on
 - commit_granule_bytes: 65536.
 - commit_granule_words: 8192.
 - virtual_space_node_default_size: 8388608.
 - enlarge_chunks_in_place: 1.
 - use_allocation_guard: 0.


Internal statistics:

num_allocs_failed_limit: 12.
num_arena_births: 810.
num_arena_deaths: 0.
num_vsnodes_births: 2.
num_vsnodes_deaths: 0.
num_space_committed: 967.
num_space_uncommitted: 0.
num_chunks_returned_to_freelist: 12.
num_chunks_taken_from_freelist: 2967.
num_chunk_merges: 9.
num_chunk_splits: 2174.
num_chunks_enlarged: 1688.
num_inconsistent_stats: 0.

CodeHeap 'non-profiled nmethods': size=120000Kb used=3079Kb max_used=3504Kb free=116920Kb
 bounds [0x000001b9b46c0000, 0x000001b9b4a30000, 0x000001b9bbbf0000]
CodeHeap 'profiled nmethods': size=120000Kb used=9086Kb max_used=9928Kb free=110913Kb
 bounds [0x000001b9acbf0000, 0x000001b9ad5b0000, 0x000001b9b4120000]
CodeHeap 'non-nmethods': size=5760Kb used=1639Kb max_used=1782Kb free=4121Kb
 bounds [0x000001b9b4120000, 0x000001b9b4390000, 0x000001b9b46c0000]
 total_blobs=5520 nmethods=4837 adapters=587
 compilation: enabled
              stopped_count=0, restarted_count=0
 full_count=0

Compilation events (20 events):
Event: 7.926 Thread 0x000001b9c24f5f30 5541       1       org.antlr.v4.runtime.atn.PlusBlockStartState::getStateType (2 bytes)
Event: 7.927 Thread 0x000001b9c24f5f30 nmethod 5541 0x000001b9b4a2af10 code [0x000001b9b4a2b0a0, 0x000001b9b4a2b168]
Event: 7.927 Thread 0x000001b9c24f5f30 5543       2       org.antlr.v4.runtime.misc.FlexibleHashMap::expand (151 bytes)
Event: 7.928 Thread 0x000001b9c24f5f30 nmethod 5543 0x000001b9ad59a410 code [0x000001b9ad59a640, 0x000001b9ad59ac88]
Event: 7.928 Thread 0x000001b9c24f5f30 5544       2       org.antlr.v4.runtime.atn.ParserATNSimulator::closure (44 bytes)
Event: 7.929 Thread 0x000001b9c24f5f30 nmethod 5544 0x000001b9ad59b010 code [0x000001b9ad59b1a0, 0x000001b9ad59b2f0]
Event: 7.932 Thread 0x000001b9c24f5f30 5545       2       java.util.BitSet::or (105 bytes)
Event: 7.933 Thread 0x000001b9c24f5f30 nmethod 5545 0x000001b9ad59b410 code [0x000001b9ad59b5e0, 0x000001b9ad59b958]
Event: 7.933 Thread 0x000001b9c24f5f30 5546       3       java.util.HashMap::get (19 bytes)
Event: 7.933 Thread 0x000001b9c24f5f30 nmethod 5546 0x000001b9ad59bb10 code [0x000001b9ad59bcc0, 0x000001b9ad59be78]
Event: 7.934 Thread 0x000001b9c24f5f30 5547       2       org.antlr.v4.runtime.CodePointCharStream$CodePoint8BitCharStream::LA (98 bytes)
Event: 7.934 Thread 0x000001b9c24f5f30 nmethod 5547 0x000001b9ad59bf90 code [0x000001b9ad59c160, 0x000001b9ad59c4a0]
Event: 7.934 Thread 0x000001b9c24f5f30 5548       2       org.antlr.v4.runtime.misc.Array2DHashSet::<init> (61 bytes)
Event: 7.935 Thread 0x000001b9c24f5f30 nmethod 5548 0x000001b9ad59c610 code [0x000001b9ad59c7e0, 0x000001b9ad59ca68]
Event: 7.935 Thread 0x000001b9c24f5f30 5549       1       org.antlr.v4.runtime.Recognizer::getState (5 bytes)
Event: 7.935 Thread 0x000001b9c24f5f30 nmethod 5549 0x000001b9b4a2b210 code [0x000001b9b4a2b3a0, 0x000001b9b4a2b468]
Event: 7.935 Thread 0x000001b9c24f5f30 5550       2       org.antlr.v4.runtime.BufferedTokenStream::sync (55 bytes)
Event: 7.935 Thread 0x000001b9c24f5f30 nmethod 5550 0x000001b9ad59cb90 code [0x000001b9ad59cd40, 0x000001b9ad59cf08]
Event: 7.955 Thread 0x000001b9c24f5f30 5551       2       java.util.ArrayList::fastRemove (44 bytes)
Event: 7.956 Thread 0x000001b9c24f5f30 nmethod 5551 0x000001b9ad59d010 code [0x000001b9ad59d1c0, 0x000001b9ad59d418]

GC Heap History (20 events):
Event: 1.882 GC heap before
{Heap before GC invocations=1 (full 0):
 garbage-first heap   total reserved 3117056K, committed 196608K, used 39189K [0x0000000741c00000, 0x0000000800000000)
  region size 2048K, 19 young (38912K), 2 survivors (4096K)
 Metaspace       used 15995K, committed 16256K, reserved 1114112K
  class space    used 1893K, committed 1984K, reserved 1048576K
}
Event: 1.889 GC heap after
{Heap after GC invocations=2 (full 0):
 garbage-first heap   total reserved 3117056K, committed 196608K, used 10173K [0x0000000741c00000, 0x0000000800000000)
  region size 2048K, 2 young (4096K), 2 survivors (4096K)
 Metaspace       used 15995K, committed 16256K, reserved 1114112K
  class space    used 1893K, committed 1984K, reserved 1048576K
}
Event: 2.755 GC heap before
{Heap before GC invocations=2 (full 0):
 garbage-first heap   total reserved 3117056K, committed 196608K, used 42941K [0x0000000741c00000, 0x0000000800000000)
  region size 2048K, 20 young (40960K), 2 survivors (4096K)
 Metaspace       used 21157K, committed 21504K, reserved 1114112K
  class space    used 2567K, committed 2752K, reserved 1048576K
}
Event: 2.762 GC heap after
{Heap after GC invocations=3 (full 0):
 garbage-first heap   total reserved 3117056K, committed 196608K, used 14138K [0x0000000741c00000, 0x0000000800000000)
  region size 2048K, 4 young (8192K), 4 survivors (8192K)
 Metaspace       used 21157K, committed 21504K, reserved 1114112K
  class space    used 2567K, committed 2752K, reserved 1048576K
}
Event: 3.487 GC heap before
{Heap before GC invocations=4 (full 0):
 garbage-first heap   total reserved 3117056K, committed 55296K, used 38714K [0x0000000741c00000, 0x0000000800000000)
  region size 2048K, 16 young (32768K), 4 survivors (8192K)
 Metaspace       used 24931K, committed 25344K, reserved 1114112K
  class space    used 3121K, committed 3328K, reserved 1048576K
}
Event: 3.495 GC heap after
{Heap after GC invocations=5 (full 0):
 garbage-first heap   total reserved 3117056K, committed 55296K, used 15323K [0x0000000741c00000, 0x0000000800000000)
  region size 2048K, 2 young (4096K), 2 survivors (4096K)
 Metaspace       used 24931K, committed 25344K, reserved 1114112K
  class space    used 3121K, committed 3328K, reserved 1048576K
}
Event: 4.130 GC heap before
{Heap before GC invocations=5 (full 0):
 garbage-first heap   total reserved 3117056K, committed 55296K, used 37851K [0x0000000741c00000, 0x0000000800000000)
  region size 2048K, 13 young (26624K), 2 survivors (4096K)
 Metaspace       used 29256K, committed 29760K, reserved 1114112K
  class space    used 3732K, committed 3968K, reserved 1048576K
}
Event: 4.135 GC heap after
{Heap after GC invocations=6 (full 0):
 garbage-first heap   total reserved 3117056K, committed 55296K, used 17779K [0x0000000741c00000, 0x0000000800000000)
  region size 2048K, 2 young (4096K), 2 survivors (4096K)
 Metaspace       used 29256K, committed 29760K, reserved 1114112K
  class space    used 3732K, committed 3968K, reserved 1048576K
}
Event: 4.698 GC heap before
{Heap before GC invocations=6 (full 0):
 garbage-first heap   total reserved 3117056K, committed 55296K, used 40307K [0x0000000741c00000, 0x0000000800000000)
  region size 2048K, 14 young (28672K), 2 survivors (4096K)
 Metaspace       used 33676K, committed 34240K, reserved 1114112K
  class space    used 4316K, committed 4544K, reserved 1048576K
}
Event: 4.705 GC heap after
{Heap after GC invocations=7 (full 0):
 garbage-first heap   total reserved 3117056K, committed 55296K, used 19746K [0x0000000741c00000, 0x0000000800000000)
  region size 2048K, 1 young (2048K), 1 survivors (2048K)
 Metaspace       used 33676K, committed 34240K, reserved 1114112K
  class space    used 4316K, committed 4544K, reserved 1048576K
}
Event: 4.871 GC heap before
{Heap before GC invocations=7 (full 0):
 garbage-first heap   total reserved 3117056K, committed 55296K, used 21794K [0x0000000741c00000, 0x0000000800000000)
  region size 2048K, 4 young (8192K), 1 survivors (2048K)
 Metaspace       used 35387K, committed 35968K, reserved 1114112K
  class space    used 4596K, committed 4864K, reserved 1048576K
}
Event: 4.874 GC heap after
{Heap after GC invocations=8 (full 0):
 garbage-first heap   total reserved 3117056K, committed 55296K, used 19878K [0x0000000741c00000, 0x0000000800000000)
  region size 2048K, 1 young (2048K), 1 survivors (2048K)
 Metaspace       used 35387K, committed 35968K, reserved 1114112K
  class space    used 4596K, committed 4864K, reserved 1048576K
}
Event: 6.105 GC heap before
{Heap before GC invocations=9 (full 0):
 garbage-first heap   total reserved 3117056K, committed 55296K, used 46502K [0x0000000741c00000, 0x0000000800000000)
  region size 2048K, 14 young (28672K), 1 survivors (2048K)
 Metaspace       used 43015K, committed 43648K, reserved 1114112K
  class space    used 5730K, committed 6016K, reserved 1048576K
}
Event: 6.109 GC heap after
{Heap after GC invocations=10 (full 0):
 garbage-first heap   total reserved 3117056K, committed 55296K, used 21710K [0x0000000741c00000, 0x0000000800000000)
  region size 2048K, 2 young (4096K), 2 survivors (4096K)
 Metaspace       used 43015K, committed 43648K, reserved 1114112K
  class space    used 5730K, committed 6016K, reserved 1048576K
}
Event: 6.739 GC heap before
{Heap before GC invocations=10 (full 0):
 garbage-first heap   total reserved 3117056K, committed 55296K, used 46286K [0x0000000741c00000, 0x0000000800000000)
  region size 2048K, 14 young (28672K), 2 survivors (4096K)
 Metaspace       used 50338K, committed 50944K, reserved 1114112K
  class space    used 6839K, committed 7104K, reserved 1048576K
}
Event: 6.746 GC heap after
{Heap after GC invocations=11 (full 0):
 garbage-first heap   total reserved 3117056K, committed 55296K, used 22712K [0x0000000741c00000, 0x0000000800000000)
  region size 2048K, 2 young (4096K), 2 survivors (4096K)
 Metaspace       used 50338K, committed 50944K, reserved 1114112K
  class space    used 6839K, committed 7104K, reserved 1048576K
}
Event: 7.264 GC heap before
{Heap before GC invocations=11 (full 0):
 garbage-first heap   total reserved 3117056K, committed 55296K, used 45240K [0x0000000741c00000, 0x0000000800000000)
  region size 2048K, 13 young (26624K), 2 survivors (4096K)
 Metaspace       used 55434K, committed 56000K, reserved 1114112K
  class space    used 7612K, committed 7872K, reserved 1048576K
}
Event: 7.268 GC heap after
{Heap after GC invocations=12 (full 0):
 garbage-first heap   total reserved 3117056K, committed 55296K, used 24110K [0x0000000741c00000, 0x0000000800000000)
  region size 2048K, 2 young (4096K), 2 survivors (4096K)
 Metaspace       used 55434K, committed 56000K, reserved 1114112K
  class space    used 7612K, committed 7872K, reserved 1048576K
}
Event: 7.885 GC heap before
{Heap before GC invocations=12 (full 0):
 garbage-first heap   total reserved 3117056K, committed 55296K, used 44590K [0x0000000741c00000, 0x0000000800000000)
  region size 2048K, 12 young (24576K), 2 survivors (4096K)
 Metaspace       used 59071K, committed 59712K, reserved 1114112K
  class space    used 8209K, committed 8512K, reserved 1048576K
}
Event: 7.890 GC heap after
{Heap after GC invocations=13 (full 0):
 garbage-first heap   total reserved 3117056K, committed 55296K, used 26545K [0x0000000741c00000, 0x0000000800000000)
  region size 2048K, 2 young (4096K), 2 survivors (4096K)
 Metaspace       used 59071K, committed 59712K, reserved 1114112K
  class space    used 8209K, committed 8512K, reserved 1048576K
}

Dll operation events (15 events):
Event: 0.012 Loaded shared library C:\Users\coron\.jdks\openjdk-22.0.2\bin\java.dll
Event: 0.056 Loaded shared library C:\Users\coron\.jdks\openjdk-22.0.2\bin\jsvml.dll
Event: 0.203 Loaded shared library C:\Users\coron\.jdks\openjdk-22.0.2\bin\zip.dll
Event: 0.210 Loaded shared library C:\Users\coron\.jdks\openjdk-22.0.2\bin\instrument.dll
Event: 0.217 Loaded shared library C:\Users\coron\.jdks\openjdk-22.0.2\bin\net.dll
Event: 0.219 Loaded shared library C:\Users\coron\.jdks\openjdk-22.0.2\bin\nio.dll
Event: 0.224 Loaded shared library C:\Users\coron\.jdks\openjdk-22.0.2\bin\zip.dll
Event: 0.348 Loaded shared library C:\Program Files\JetBrains\IntelliJ IDEA Community Edition 2024.1.4\bin\breakgen64.dll
Event: 0.360 Loaded shared library C:\Users\coron\.jdks\openjdk-22.0.2\bin\extnet.dll
Event: 0.407 Loaded shared library C:\Users\coron\.jdks\openjdk-22.0.2\bin\jimage.dll
Event: 0.759 Loaded shared library C:\Users\coron\.jdks\openjdk-22.0.2\bin\management.dll
Event: 0.761 Loaded shared library C:\Users\coron\.jdks\openjdk-22.0.2\bin\management_ext.dll
Event: 1.537 Loaded shared library C:\Users\coron\.jdks\openjdk-22.0.2\bin\le.dll
Event: 2.113 Loaded shared library C:\Users\coron\.jdks\openjdk-22.0.2\bin\sunmscapi.dll
Event: 4.840 Loaded shared library C:\Users\coron\.jdks\openjdk-22.0.2\bin\verify.dll

Deoptimization events (20 events):
Event: 7.834 Thread 0x000001ba084eb500 Uncommon trap: trap_request=0xffffff45 fr.pc=0x000001b9b4829314 relative=0x0000000000000254
Event: 7.834 Thread 0x000001ba084eb500 Uncommon trap: reason=unstable_if action=reinterpret pc=0x000001b9b4829314 method=java.util.HashMap.getNode(Ljava/lang/Object;)Ljava/util/HashMap$Node; @ 66 c2
Event: 7.834 Thread 0x000001ba084eb500 DEOPT PACKING pc=0x000001b9b4829314 sp=0x0000002a77af2650
Event: 7.834 Thread 0x000001ba084eb500 DEOPT UNPACKING pc=0x000001b9b41746a2 sp=0x0000002a77af2560 mode 2
Event: 7.834 Thread 0x000001ba084eb500 Uncommon trap: trap_request=0xffffff45 fr.pc=0x000001b9b479e15c relative=0x000000000000019c
Event: 7.834 Thread 0x000001ba084eb500 Uncommon trap: reason=unstable_if action=reinterpret pc=0x000001b9b479e15c method=java.util.HashMap.getNode(Ljava/lang/Object;)Ljava/util/HashMap$Node; @ 131 c2
Event: 7.834 Thread 0x000001ba084eb500 DEOPT PACKING pc=0x000001b9b479e15c sp=0x0000002a77af2140
Event: 7.834 Thread 0x000001ba084eb500 DEOPT UNPACKING pc=0x000001b9b41746a2 sp=0x0000002a77af20c0 mode 2
Event: 7.851 Thread 0x000001ba084eb500 Uncommon trap: trap_request=0xffffff45 fr.pc=0x000001b9b4a127f4 relative=0x0000000000000134
Event: 7.851 Thread 0x000001ba084eb500 Uncommon trap: reason=unstable_if action=reinterpret pc=0x000001b9b4a127f4 method=org.antlr.v4.runtime.atn.SingletonPredictionContext.equals(Ljava/lang/Object;)Z @ 11 c2
Event: 7.851 Thread 0x000001ba084eb500 DEOPT PACKING pc=0x000001b9b4a127f4 sp=0x0000002a77af8db0
Event: 7.851 Thread 0x000001ba084eb500 DEOPT UNPACKING pc=0x000001b9b41746a2 sp=0x0000002a77af8d48 mode 2
Event: 7.865 Thread 0x000001ba084eb500 Uncommon trap: trap_request=0xffffff45 fr.pc=0x000001b9b483351c relative=0x00000000000001dc
Event: 7.865 Thread 0x000001ba084eb500 Uncommon trap: reason=unstable_if action=reinterpret pc=0x000001b9b483351c method=java.util.IdentityHashMap.nextKeyIndex(II)I @ 4 c2
Event: 7.865 Thread 0x000001ba084eb500 DEOPT PACKING pc=0x000001b9b483351c sp=0x0000002a77af9120
Event: 7.865 Thread 0x000001ba084eb500 DEOPT UNPACKING pc=0x000001b9b41746a2 sp=0x0000002a77af9028 mode 2
Event: 7.932 Thread 0x000001ba084eb500 Uncommon trap: trap_request=0xffffff45 fr.pc=0x000001b9b4867ff0 relative=0x0000000000000230
Event: 7.932 Thread 0x000001ba084eb500 Uncommon trap: reason=unstable_if action=reinterpret pc=0x000001b9b4867ff0 method=java.util.HashMap.getNode(Ljava/lang/Object;)Ljava/util/HashMap$Node; @ 66 c2
Event: 7.932 Thread 0x000001ba084eb500 DEOPT PACKING pc=0x000001b9b4867ff0 sp=0x0000002a77af9770
Event: 7.933 Thread 0x000001ba084eb500 DEOPT UNPACKING pc=0x000001b9b41746a2 sp=0x0000002a77af9680 mode 2

Classes loaded (20 events):
Event: 7.443 Loading class java/lang/Package$1PackageInfoProxy
Event: 7.443 Loading class java/lang/Package$1PackageInfoProxy done
Event: 7.465 Loading class java/util/stream/ReduceOps$5
Event: 7.465 Loading class java/util/stream/ReduceOps$5 done
Event: 7.465 Loading class java/util/stream/ReduceOps$CountingSink$OfRef
Event: 7.465 Loading class java/util/stream/ReduceOps$CountingSink$OfRef done
Event: 7.485 Loading class java/util/regex/Pattern$Bound
Event: 7.485 Loading class java/util/regex/Pattern$Bound done
Event: 7.485 Loading class java/util/regex/Pattern$SliceI
Event: 7.485 Loading class java/util/regex/Pattern$SliceI done
Event: 7.486 Loading class java/util/regex/Pattern$LookBehindEndNode
Event: 7.486 Loading class java/util/regex/Pattern$LookBehindEndNode done
Event: 7.486 Loading class java/util/regex/Pattern$NotBehind
Event: 7.486 Loading class java/util/regex/Pattern$NotBehind done
Event: 7.486 Loading class java/util/regex/Pattern$Behind
Event: 7.487 Loading class java/util/regex/Pattern$Behind done
Event: 7.505 Loading class java/util/EmptyStackException
Event: 7.505 Loading class java/util/EmptyStackException done
Event: 7.524 Loading class java/io/InvalidClassException
Event: 7.524 Loading class java/io/InvalidClassException done

Classes unloaded (0 events):
No events

Classes redefined (0 events):
No events

Internal exceptions (20 events):
Event: 6.939 Thread 0x000001ba084eb500 Exception <a 'java/lang/NoSuchMethodError'{0x000000074af6b1b0}: 'java.lang.Object java.lang.invoke.DirectMethodHandle$Holder.newInvokeSpecial(java.lang.Object, java.lang.Object, java.lang.Object, java.lang.Object, java.lang.Object, java.lang.Object)'> (0x000000074af6b1b0) 
thrown [s\open\src\hotspot\share\interpreter\linkResolver.cpp, line 774]
Event: 6.989 Thread 0x000001ba084eb500 Exception <a 'java/lang/NoSuchMethodError'{0x000000074ad18db0}: 'void java.lang.invoke.DirectMethodHandle$Holder.invokeInterface(java.lang.Object, java.lang.Object, int, java.lang.Object)'> (0x000000074ad18db0) 
thrown [s\open\src\hotspot\share\interpreter\linkResolver.cpp, line 774]
Event: 6.992 Thread 0x000001ba084eb500 Exception <a 'java/lang/NoSuchMethodError'{0x000000074ad3b2f0}: 'java.lang.Object java.lang.invoke.DirectMethodHandle$Holder.newInvokeSpecial(java.lang.Object, java.lang.Object, int, java.lang.Object)'> (0x000000074ad3b2f0) 
thrown [s\open\src\hotspot\share\interpreter\linkResolver.cpp, line 774]
Event: 6.992 Thread 0x000001ba084eb500 Exception <a 'java/lang/NoSuchMethodError'{0x000000074ad3f470}: 'java.lang.Object java.lang.invoke.Invokers$Holder.linkToTargetMethod(java.lang.Object, int, java.lang.Object, java.lang.Object)'> (0x000000074ad3f470) 
thrown [s\open\src\hotspot\share\interpreter\linkResolver.cpp, line 774]
Event: 7.002 Thread 0x000001ba084eb500 Exception <a 'java/lang/NoSuchMethodError'{0x000000074adc4418}: 'void java.lang.invoke.DirectMethodHandle$Holder.invokeSpecial(java.lang.Object, java.lang.Object, java.lang.Object, java.lang.Object, java.lang.Object, java.lang.Object, java.lang.Object, java.lang.Object)'> (0x000000074adc4418) 
thrown [s\open\src\hotspot\share\interpreter\linkResolver.cpp, line 774]
Event: 7.006 Thread 0x000001ba084eb500 Exception <a 'java/lang/NoSuchMethodError'{0x0000000744607f00}: 'void java.lang.invoke.DirectMethodHandle$Holder.invokeSpecial(java.lang.Object, java.lang.Object, int, java.lang.Object)'> (0x0000000744607f00) 
thrown [s\open\src\hotspot\share\interpreter\linkResolver.cpp, line 774]
Event: 7.006 Thread 0x000001ba084eb500 Exception <a 'java/lang/IncompatibleClassChangeError'{0x000000074460ecb8}: Found class java.lang.Object, but interface was expected> (0x000000074460ecb8) 
thrown [s\open\src\hotspot\share\interpreter\linkResolver.cpp, line 841]
Event: 7.030 Thread 0x000001ba084eb500 Exception <a 'java/lang/NoSuchMethodError'{0x0000000744751930}: 'int java.lang.invoke.DirectMethodHandle$Holder.invokeStatic(java.lang.Object, int, java.lang.Object)'> (0x0000000744751930) 
thrown [s\open\src\hotspot\share\interpreter\linkResolver.cpp, line 774]
Event: 7.032 Thread 0x000001ba084eb500 Exception <a 'java/lang/NoSuchMethodError'{0x000000074476e2f8}: 'java.lang.Object java.lang.invoke.DirectMethodHandle$Holder.newInvokeSpecial(java.lang.Object, java.lang.Object, java.lang.Object, java.lang.Object, java.lang.Object, int, java.lang.Object)'> (0x000000074476e2f8) 
thrown [s\open\src\hotspot\share\interpreter\linkResolver.cpp, line 774]
Event: 7.036 Thread 0x000001ba084eb500 Exception <a 'java/lang/NoSuchMethodError'{0x000000074479e4d0}: 'java.lang.Object java.lang.invoke.DirectMethodHandle$Holder.newInvokeSpecial(java.lang.Object, java.lang.Object, java.lang.Object, java.lang.Object, java.lang.Object, java.lang.Object, java.lang.Object, java.lang.Object, java.lang.Object, java.lang.Object, java.lang.Object, java.lang.Object)'> (0x000000074479e4d0) 
thrown [s\open\src\hotspot\share\interpreter\linkResolver.cpp, line 774]
Event: 7.036 Thread 0x000001ba084eb500 Exception <a 'java/lang/NoSuchMethodError'{0x00000007447a3588}: 'java.lang.Object java.lang.invoke.DirectMethodHandle$Holder.invokeSpecial(java.lang.Object, java.lang.Object, java.lang.Object, java.lang.Object, java.lang.Object, java.lang.Object, java.lang.Object, java.lang.Object, java.lang.Object, java.lang.Object, java.lang.Object, java.lang.Object, java.lang.Object)'> (0x00000007447a3588) 
thrown [s\open\src\hotspot\share\interpreter\linkResolver.cpp, line 774]
Event: 7.036 Thread 0x000001ba084eb500 Exception <a 'java/lang/NoSuchMethodError'{0x00000007447a8270}: 'java.lang.Object java.lang.invoke.Invokers$Holder.linkToTargetMethod(java.lang.Object, java.lang.Object, java.lang.Object, java.lang.Object, java.lang.Object, java.lang.Object, java.lang.Object, java.lang.Object, java.lang.Object, java.lang.Object, java.lang.Object, java.lang.Object)'> (0x00000007447a8270) 
thrown [s\open\src\hotspot\share\interpreter\linkResolver.cpp, line 774]
Event: 7.075 Thread 0x000001ba084eb500 Exception <a 'java/lang/NoSuchMethodError'{0x000000074458cf18}: 'java.lang.Object java.lang.invoke.DirectMethodHandle$Holder.newInvokeSpecial(java.lang.Object, java.lang.Object, java.lang.Object, java.lang.Object, java.lang.Object, java.lang.Object, java.lang.Object, int)'> (0x000000074458cf18) 
thrown [s\open\src\hotspot\share\interpreter\linkResolver.cpp, line 774]
Event: 7.075 Thread 0x000001ba084eb500 Exception <a 'java/lang/NoSuchMethodError'{0x0000000744591cb8}: 'java.lang.Object java.lang.invoke.DirectMethodHandle$Holder.invokeSpecial(java.lang.Object, java.lang.Object, java.lang.Object, java.lang.Object, java.lang.Object, java.lang.Object, java.lang.Object, java.lang.Object, int)'> (0x0000000744591cb8) 
thrown [s\open\src\hotspot\share\interpreter\linkResolver.cpp, line 774]
Event: 7.076 Thread 0x000001ba084eb500 Exception <a 'java/lang/NoSuchMethodError'{0x00000007445964e0}: 'java.lang.Object java.lang.invoke.Invokers$Holder.linkToTargetMethod(java.lang.Object, java.lang.Object, java.lang.Object, java.lang.Object, java.lang.Object, java.lang.Object, int, java.lang.Object)'> (0x00000007445964e0) 
thrown [s\open\src\hotspot\share\interpreter\linkResolver.cpp, line 774]
Event: 7.092 Thread 0x000001ba084eb500 Exception <a 'java/lang/NoSuchMethodError'{0x0000000744245080}: 'void java.lang.invoke.DirectMethodHandle$Holder.invokeInterface(java.lang.Object, java.lang.Object)'> (0x0000000744245080) 
thrown [s\open\src\hotspot\share\interpreter\linkResolver.cpp, line 774]
Event: 7.221 Thread 0x000001ba084eb500 Exception <a 'java/lang/IncompatibleClassChangeError'{0x0000000743c37008}: Found class java.lang.Object, but interface was expected> (0x0000000743c37008) 
thrown [s\open\src\hotspot\share\interpreter\linkResolver.cpp, line 841]
Event: 7.230 Thread 0x000001ba084eb500 Exception <a 'java/lang/IncompatibleClassChangeError'{0x0000000743cb2de0}: Found class java.lang.Object, but interface was expected> (0x0000000743cb2de0) 
thrown [s\open\src\hotspot\share\interpreter\linkResolver.cpp, line 841]
Event: 7.271 Thread 0x000001ba084eb500 Exception <a 'java/lang/IncompatibleClassChangeError'{0x000000074da0f9a8}: Found class java.lang.Object, but interface was expected> (0x000000074da0f9a8) 
thrown [s\open\src\hotspot\share\interpreter\linkResolver.cpp, line 841]
Event: 7.433 Thread 0x000001ba084eb500 Exception <a 'java/lang/IncompatibleClassChangeError'{0x000000074ae50fe8}: Found class java.lang.Object, but interface was expected> (0x000000074ae50fe8) 
thrown [s\open\src\hotspot\share\interpreter\linkResolver.cpp, line 841]

ZGC Phase Switch (0 events):
No events

VM Operations (20 events):
Event: 6.739 Executing VM operation: G1CollectForAllocation (G1 Evacuation Pause)
Event: 6.746 Executing VM operation: G1CollectForAllocation (G1 Evacuation Pause) done
Event: 7.117 Executing VM operation: ICBufferFull
Event: 7.117 Executing VM operation: ICBufferFull done
Event: 7.264 Executing VM operation: G1CollectForAllocation (G1 Evacuation Pause)
Event: 7.268 Executing VM operation: G1CollectForAllocation (G1 Evacuation Pause) done
Event: 7.388 Executing VM operation: HandshakeAllThreads (Deoptimize)
Event: 7.388 Executing VM operation: HandshakeAllThreads (Deoptimize) done
Event: 7.448 Executing VM operation: HandshakeAllThreads (Deoptimize)
Event: 7.448 Executing VM operation: HandshakeAllThreads (Deoptimize) done
Event: 7.449 Executing VM operation: HandshakeAllThreads (Deoptimize)
Event: 7.449 Executing VM operation: HandshakeAllThreads (Deoptimize) done
Event: 7.539 Executing VM operation: HandshakeAllThreads (Deoptimize)
Event: 7.539 Executing VM operation: HandshakeAllThreads (Deoptimize) done
Event: 7.866 Executing VM operation: ICBufferFull
Event: 7.866 Executing VM operation: ICBufferFull done
Event: 7.885 Executing VM operation: G1CollectForAllocation (G1 Evacuation Pause)
Event: 7.890 Executing VM operation: G1CollectForAllocation (G1 Evacuation Pause) done
Event: 7.917 Executing VM operation: HandshakeAllThreads (Deoptimize)
Event: 7.918 Executing VM operation: HandshakeAllThreads (Deoptimize) done

Memory protections (0 events):
No events

Nmethod flushes (20 events):
Event: 4.897 Thread 0x000001b9c24a01a0 flushing  nmethod 0x000001b9acda9090
Event: 4.897 Thread 0x000001b9c24a01a0 flushing  nmethod 0x000001b9acdaa010
Event: 4.897 Thread 0x000001b9c24a01a0 flushing  nmethod 0x000001b9acdaa490
Event: 4.897 Thread 0x000001b9c24a01a0 flushing  nmethod 0x000001b9acdecd10
Event: 4.897 Thread 0x000001b9c24a01a0 flushing  nmethod 0x000001b9acdf0f90
Event: 4.897 Thread 0x000001b9c24a01a0 flushing  nmethod 0x000001b9acdf1510
Event: 4.897 Thread 0x000001b9c24a01a0 flushing  nmethod 0x000001b9ace11a90
Event: 4.897 Thread 0x000001b9c24a01a0 flushing  nmethod 0x000001b9ace3ed90
Event: 4.897 Thread 0x000001b9c24a01a0 flushing  nmethod 0x000001b9ace3f410
Event: 4.897 Thread 0x000001b9c24a01a0 flushing  nmethod 0x000001b9ace49c90
Event: 4.897 Thread 0x000001b9c24a01a0 flushing  nmethod 0x000001b9ace95690
Event: 4.897 Thread 0x000001b9c24a01a0 flushing  nmethod 0x000001b9ace96890
Event: 4.897 Thread 0x000001b9c24a01a0 flushing  nmethod 0x000001b9ace97e10
Event: 4.897 Thread 0x000001b9c24a01a0 flushing  nmethod 0x000001b9ace98890
Event: 4.897 Thread 0x000001b9c24a01a0 flushing  nmethod 0x000001b9acfe2d90
Event: 4.897 Thread 0x000001b9c24a01a0 flushing  nmethod 0x000001b9acfea910
Event: 4.897 Thread 0x000001b9c24a01a0 flushing  nmethod 0x000001b9acff0290
Event: 4.897 Thread 0x000001b9c24a01a0 flushing  nmethod 0x000001b9ad037d90
Event: 4.897 Thread 0x000001b9c24a01a0 flushing  nmethod 0x000001b9ad038910
Event: 4.897 Thread 0x000001b9c24a01a0 flushing osr nmethod 0x000001b9ad07df10

Events (20 events):
Event: 0.348 Thread 0x000001b9a48b13a0 Thread added: 0x000001b9c29ed720
Event: 0.830 Thread 0x000001b9a48b13a0 Thread added: 0x000001ba084fd450
Event: 0.836 Thread 0x000001ba084fd450 Thread added: 0x000001ba084eb500
Event: 1.501 Thread 0x000001ba084eb500 Thread added: 0x000001ba08b41870
Event: 2.130 Thread 0x000001ba08b41870 Thread exited: 0x000001ba08b41870
Event: 2.234 Thread 0x000001ba084eb500 Thread added: 0x000001ba094a0430
Event: 2.318 Thread 0x000001ba094a0430 Thread exited: 0x000001ba094a0430
Event: 5.610 Thread 0x000001b9c28beb80 Thread exited: 0x000001b9c28beb80
Event: 5.610 Thread 0x000001b9c28e4880 Thread exited: 0x000001b9c28e4880
Event: 5.657 Thread 0x000001b9c24f5f30 Thread added: 0x000001ba0ae56ef0
Event: 5.667 Thread 0x000001b9c24f5f30 Thread added: 0x000001ba0bcca2c0
Event: 5.778 Thread 0x000001ba084eb500 Thread added: 0x000001ba0ce574a0
Event: 5.793 Thread 0x000001ba084eb500 Thread added: 0x000001b9c2948910
Event: 5.904 Thread 0x000001b9c2948910 Thread added: 0x000001ba0ad49530
Event: 6.541 Thread 0x000001ba0bcca2c0 Thread exited: 0x000001ba0bcca2c0
Event: 6.541 Thread 0x000001ba0ae56ef0 Thread exited: 0x000001ba0ae56ef0
Event: 6.905 Thread 0x000001b9c24f5f30 Thread added: 0x000001ba0bcca2c0
Event: 7.159 Thread 0x000001ba0bcca2c0 Thread exited: 0x000001ba0bcca2c0
Event: 7.219 Thread 0x000001b9c24f5f30 Thread added: 0x000001ba0bccbe00
Event: 7.223 Thread 0x000001b9c24f5f30 Thread added: 0x000001ba0bccc4d0


Dynamic libraries:
0x00007ff72a980000 - 0x00007ff72a98e000 	C:\Users\coron\.jdks\openjdk-22.0.2\bin\java.exe
0x00007ffd60230000 - 0x00007ffd60428000 	C:\Windows\SYSTEM32\ntdll.dll
0x00007ffd5e980000 - 0x00007ffd5ea41000 	C:\Windows\System32\KERNEL32.DLL
0x00007ffd5da80000 - 0x00007ffd5dd7d000 	C:\Windows\System32\KERNELBASE.dll
0x00007ffd5d980000 - 0x00007ffd5da80000 	C:\Windows\System32\ucrtbase.dll
0x00007ffd56ce0000 - 0x00007ffd56cf7000 	C:\Users\coron\.jdks\openjdk-22.0.2\bin\jli.dll
0x00007ffd56c30000 - 0x00007ffd56c4b000 	C:\Users\coron\.jdks\openjdk-22.0.2\bin\VCRUNTIME140.dll
0x00007ffd5fc10000 - 0x00007ffd5fdad000 	C:\Windows\System32\USER32.dll
0x00007ffd5dd80000 - 0x00007ffd5dda2000 	C:\Windows\System32\win32u.dll
0x00007ffd41b80000 - 0x00007ffd41e1a000 	C:\Windows\WinSxS\amd64_microsoft.windows.common-controls_6595b64144ccf1df_6.0.19041.4355_none_60b8b9eb71f62e16\COMCTL32.dll
0x00007ffd5fdb0000 - 0x00007ffd5fddb000 	C:\Windows\System32\GDI32.dll
0x00007ffd5ea50000 - 0x00007ffd5eaee000 	C:\Windows\System32\msvcrt.dll
0x00007ffd5e060000 - 0x00007ffd5e177000 	C:\Windows\System32\gdi32full.dll
0x00007ffd5d8e0000 - 0x00007ffd5d97d000 	C:\Windows\System32\msvcp_win.dll
0x00007ffd5e320000 - 0x00007ffd5e34f000 	C:\Windows\System32\IMM32.DLL
0x00007ffd59db0000 - 0x00007ffd59dbc000 	C:\Users\coron\.jdks\openjdk-22.0.2\bin\vcruntime140_1.dll
0x00007ffd506a0000 - 0x00007ffd5072e000 	C:\Users\coron\.jdks\openjdk-22.0.2\bin\msvcp140.dll
0x00007ffd07720000 - 0x00007ffd08469000 	C:\Users\coron\.jdks\openjdk-22.0.2\bin\server\jvm.dll
0x00007ffd600b0000 - 0x00007ffd60160000 	C:\Windows\System32\ADVAPI32.dll
0x00007ffd5eaf0000 - 0x00007ffd5eb90000 	C:\Windows\System32\sechost.dll
0x00007ffd5e850000 - 0x00007ffd5e973000 	C:\Windows\System32\RPCRT4.dll
0x00007ffd5ddb0000 - 0x00007ffd5ddd7000 	C:\Windows\System32\bcrypt.dll
0x00007ffd5f3e0000 - 0x00007ffd5f44b000 	C:\Windows\System32\WS2_32.dll
0x00007ffd5ce70000 - 0x00007ffd5cebb000 	C:\Windows\SYSTEM32\POWRPROF.dll
0x00007ffd48010000 - 0x00007ffd48037000 	C:\Windows\SYSTEM32\WINMM.dll
0x00007ffd56430000 - 0x00007ffd5643a000 	C:\Windows\SYSTEM32\VERSION.dll
0x00007ffd5cce0000 - 0x00007ffd5ccf2000 	C:\Windows\SYSTEM32\UMPDC.dll
0x00007ffd5c100000 - 0x00007ffd5c112000 	C:\Windows\SYSTEM32\kernel.appcore.dll
0x00007ffd56f00000 - 0x00007ffd56f0a000 	C:\Users\coron\.jdks\openjdk-22.0.2\bin\jimage.dll
0x00007ffd5be20000 - 0x00007ffd5c004000 	C:\Windows\SYSTEM32\DBGHELP.DLL
0x00007ffd484a0000 - 0x00007ffd484d4000 	C:\Windows\SYSTEM32\dbgcore.DLL
0x00007ffd5e1d0000 - 0x00007ffd5e252000 	C:\Windows\System32\bcryptPrimitives.dll
0x00007ffd59f40000 - 0x00007ffd59f4f000 	C:\Users\coron\.jdks\openjdk-22.0.2\bin\instrument.dll
0x00007ffd56c10000 - 0x00007ffd56c2e000 	C:\Users\coron\.jdks\openjdk-22.0.2\bin\java.dll
0x00007ffd5ec70000 - 0x00007ffd5f3df000 	C:\Windows\System32\SHELL32.dll
0x00007ffd5fde0000 - 0x00007ffd5ff0b000 	C:\Windows\System32\ole32.dll
0x00007ffd5e480000 - 0x00007ffd5e7d3000 	C:\Windows\System32\combase.dll
0x00007ffd5b5b0000 - 0x00007ffd5bd53000 	C:\Windows\SYSTEM32\windows.storage.dll
0x00007ffd5d310000 - 0x00007ffd5d33e000 	C:\Windows\SYSTEM32\Wldp.dll
0x00007ffd5ff10000 - 0x00007ffd5ffdd000 	C:\Windows\System32\OLEAUT32.dll
0x00007ffd5e270000 - 0x00007ffd5e31d000 	C:\Windows\System32\SHCORE.dll
0x00007ffd5e7e0000 - 0x00007ffd5e835000 	C:\Windows\System32\shlwapi.dll
0x00007ffd5d810000 - 0x00007ffd5d834000 	C:\Windows\SYSTEM32\profapi.dll
0x00007ffd505c0000 - 0x00007ffd50697000 	C:\Users\coron\.jdks\openjdk-22.0.2\bin\jsvml.dll
0x00007ffd50240000 - 0x00007ffd50257000 	C:\Users\coron\.jdks\openjdk-22.0.2\bin\zip.dll
0x00007ffd56c00000 - 0x00007ffd56c10000 	C:\Users\coron\.jdks\openjdk-22.0.2\bin\net.dll
0x00007ffd5d070000 - 0x00007ffd5d0da000 	C:\Windows\system32\mswsock.dll
0x00007ffd503b0000 - 0x00007ffd503c6000 	C:\Users\coron\.jdks\openjdk-22.0.2\bin\nio.dll
0x00007ffd55cc0000 - 0x00007ffd55cda000 	C:\Program Files\JetBrains\IntelliJ IDEA Community Edition 2024.1.4\bin\breakgen64.dll
0x00007ffd51ca0000 - 0x00007ffd51ca9000 	C:\Users\coron\.jdks\openjdk-22.0.2\bin\extnet.dll
0x00007ffd53350000 - 0x00007ffd5335a000 	C:\Users\coron\.jdks\openjdk-22.0.2\bin\management.dll
0x00007ffd508b0000 - 0x00007ffd508bb000 	C:\Users\coron\.jdks\openjdk-22.0.2\bin\management_ext.dll
0x00007ffd5e350000 - 0x00007ffd5e358000 	C:\Windows\System32\PSAPI.DLL
0x00007ffd54830000 - 0x00007ffd5483b000 	C:\Users\coron\.jdks\openjdk-22.0.2\bin\le.dll
0x00007ffd508a0000 - 0x00007ffd508ae000 	C:\Users\coron\.jdks\openjdk-22.0.2\bin\sunmscapi.dll
0x00007ffd5de90000 - 0x00007ffd5dfec000 	C:\Windows\System32\CRYPT32.dll
0x00007ffd5d380000 - 0x00007ffd5d3a9000 	C:\Windows\SYSTEM32\ncrypt.dll
0x00007ffd5d340000 - 0x00007ffd5d37b000 	C:\Windows\SYSTEM32\NTASN1.dll
0x00007ffd5d270000 - 0x00007ffd5d288000 	C:\Windows\SYSTEM32\CRYPTSP.dll
0x00007ffd5c920000 - 0x00007ffd5c954000 	C:\Windows\system32\rsaenh.dll
0x00007ffd5d7d0000 - 0x00007ffd5d7fe000 	C:\Windows\SYSTEM32\USERENV.dll
0x00007ffd5d260000 - 0x00007ffd5d26c000 	C:\Windows\SYSTEM32\CRYPTBASE.dll
0x00007ffd5cd00000 - 0x00007ffd5cd3b000 	C:\Windows\SYSTEM32\IPHLPAPI.DLL
0x00007ffd5e260000 - 0x00007ffd5e268000 	C:\Windows\System32\NSI.dll
0x00007ffd4db00000 - 0x00007ffd4db10000 	C:\Users\coron\.jdks\openjdk-22.0.2\bin\verify.dll
0x00007ffd5cd40000 - 0x00007ffd5ce0a000 	C:\Windows\SYSTEM32\DNSAPI.dll
0x00007ffd542f0000 - 0x00007ffd542fa000 	C:\Windows\System32\rasadhlp.dll
0x00007ffd53460000 - 0x00007ffd534e0000 	C:\Windows\System32\fwpuclnt.dll

dbghelp: loaded successfully - version: 4.0.5 - missing functions: none
symbol engine: initialized successfully - sym options: 0x614 - pdb path: .;C:\Users\coron\.jdks\openjdk-22.0.2\bin;C:\Windows\SYSTEM32;C:\Windows\WinSxS\amd64_microsoft.windows.common-controls_6595b64144ccf1df_6.0.19041.4355_none_60b8b9eb71f62e16;C:\Users\coron\.jdks\openjdk-22.0.2\bin\server;C:\Program Files\JetBrains\IntelliJ IDEA Community Edition 2024.1.4\bin

VM Arguments:
jvm_args: -javaagent:C:\Program Files\JetBrains\IntelliJ IDEA Community Edition 2024.1.4\lib\idea_rt.jar=54942:C:\Program Files\JetBrains\IntelliJ IDEA Community Edition 2024.1.4\bin -Dfile.encoding=UTF-8 -Dsun.stdout.encoding=UTF-8 -Dsun.stderr.encoding=UTF-8 
java_command: com.taller.bibliotecas.BibliotecasApplication
java_class_path (initial): Z:\Taller-I-2024\gestion-de-bibliotecas-back-end\bibliotecas - copia\target\classes;C:\Users\coron\.m2\repository\org\springframework\boot\spring-boot-starter-data-jpa\3.3.3\spring-boot-starter-data-jpa-3.3.3.jar;C:\Users\coron\.m2\repository\org\springframework\boot\spring-boot-starter-aop\3.3.3\spring-boot-starter-aop-3.3.3.jar;C:\Users\coron\.m2\repository\org\aspectj\aspectjweaver\1.9.22.1\aspectjweaver-1.9.22.1.jar;C:\Users\coron\.m2\repository\org\springframework\boot\spring-boot-starter-jdbc\3.3.3\spring-boot-starter-jdbc-3.3.3.jar;C:\Users\coron\.m2\repository\com\zaxxer\HikariCP\5.1.0\HikariCP-5.1.0.jar;C:\Users\coron\.m2\repository\org\springframework\spring-jdbc\6.1.12\spring-jdbc-6.1.12.jar;C:\Users\coron\.m2\repository\org\hibernate\orm\hibernate-core\6.5.2.Final\hibernate-core-6.5.2.Final.jar;C:\Users\coron\.m2\repository\jakarta\persistence\jakarta.persistence-api\3.1.0\jakarta.persistence-api-3.1.0.jar;C:\Users\coron\.m2\repository\jakarta\transaction\jakarta.transaction-api\2.0.1\jakarta.transaction-api-2.0.1.jar;C:\Users\coron\.m2\repository\org\jboss\logging\jboss-logging\3.5.3.Final\jboss-logging-3.5.3.Final.jar;C:\Users\coron\.m2\repository\org\hibernate\common\hibernate-commons-annotations\6.0.6.Final\hibernate-commons-annotations-6.0.6.Final.jar;C:\Users\coron\.m2\repository\io\smallrye\jandex\3.1.2\jandex-3.1.2.jar;C:\Users\coron\.m2\repository\com\fasterxml\classmate\1.7.0\classmate-1.7.0.jar;C:\Users\coron\.m2\repository\net\bytebuddy\byte-buddy\1.14.19\byte-buddy-1.14.19.jar;C:\Users\coron\.m2\repository\org\glassfish\jaxb\jaxb-runtime\4.0.5\jaxb-runtime-4.0.5.jar;C:\Users\coron\.m2\repository\org\glassfish\jaxb\jaxb-core\4.0.5\jaxb-core-4.0.5.jar;C:\Users\coron\.m2\repository\org\eclipse\angus\angus-activation\2.0.2\angus-activation-2.0.2.jar;C:\Users\coron\.m2\repository\org\glassfish\jaxb\txw2\4.0.5\txw2-4.0.5.jar;C:\Users\coron\.m2\repository\com\sun\istack\istack-commons-runtime\4.1.2\istack-commons-runtime-4.1.2.jar;C:\Users\coron\.m2\repository\jakarta\inject\jakarta.inject-api\2.0.1\jakarta.inject-api-2.0.1.jar;C:\Users\coron\.m2\repository\org\antlr\antlr4-runtime\4.13.0\antlr4-runtime-4.13.0.jar;C:\Users\coron\.m2\repository\org\springframework\data\spring-data-jpa\3.3.3\spring-data-jpa-3.3.3.jar;C:\Users\coron\.m2\repository\org\springframework\data\spring-data-commons\3.3.3\spring-data-commons-3.3.3.jar;C:\Users\coron\.m2\repository\org\springframework\spring-orm\6.1.12\spring-orm-6.1.12.jar;C:\Users\coron\.m2\repository\org\springframework\spring-context\6.1.12\spring-context-6.1.12.jar;C:\Users\coron\.m2\repository\org\springframework\spring-tx\6.1.12\spring-tx-6.1.12.jar;C:\Users\coron\.m2\repository\org\springframework\spring-beans\6.1.12\spring-beans-6.1.12.jar;C:\Users\coron\.m2\repository\jakarta\annotation\jakarta.annotation-api\2.1.1\jakarta.annotation-api-2.1.1.jar;C:\Users\coron\.m2\repository\org\slf4j\slf4j-api\2.0.16\slf4j-api-2.0.16.jar;C:\Users\coron\.m2\repository\org\springframework\spring-aspects\6.1.12\spring-aspects-6.1.12.jar;C:\Users\coron\.m2\repository\org\springframework\boot\spring-boot-starter-security\3.3.3\spring-boot-starter-security-3.3.3.jar;C:\Users\coron\.m2\repository\org\springframework\boot\spring-boot-starter\3.3.3\spring-boot-starter-3.3.3.jar;C:\Users\coron\.m2\repository\org\springframework\boot\spring-boot-starter-logging\3.3.3\spring-boot-starter-logging-3.3.3.jar;C:\Users\coron\.m2\repository\ch\qos\logback\logback-classic\1.5.7\logback-classic-1.5.7.jar;C:\Users\coron\.m2\repository\ch\qos\logback\logback-core\1.5.7\logback-core-1.5.7.jar;C:\Users\coron\.m2\repository\org\apache\logging\log4j\log4j-to-slf4j\2.23.1\log4j-to-slf4j-2.23.1.jar;C:\Users\coron\.m2\repository\org\apache\logging\log4j\log4j-api\2.23.1\log4j-api-2.23.1.jar;C:\Users\coron\.m2\repository\org\slf4j\jul-to-slf4j\2.0.16\jul-to-slf4j-2.0.16.jar;C:\Users\coron\.m2\repository\org\yaml\snakeyaml\2.2\snakeyaml-2.2.jar;C:\Users\coron\.m2\repository\org\springframework\spring-aop\6.1.12\spring-aop-6.1.12.jar;C:\Users\coron\.m2\repository\org\springframework\security\spring-security-config\6.3.3\spring-security-config-6.3.3.jar;C:\Users\coron\.m2\repository\org\springframework\security\spring-security-web\6.3.3\spring-security-web-6.3.3.jar;C:\Users\coron\.m2\repository\org\springframework\spring-expression\6.1.12\spring-expression-6.1.12.jar;C:\Users\coron\.m2\repository\org\springframework\boot\spring-boot-starter-web\3.3.3\spring-boot-starter-web-3.3.3.jar;C:\Users\coron\.m2\repository\org\springframework\boot\spring-boot-starter-json\3.3.3\spring-boot-starter-json-3.3.3.jar;C:\Users\coron\.m2\repository\com\fasterxml\jackson\datatype\jackson-datatype-jdk8\2.17.2\jackson-datatype-jdk8-2.17.2.jar;C:\Users\coron\.m2\repository\com\fasterxml\jackson\datatype\jackson-datatype-jsr310\2.17.2\jackson-datatype-jsr310-2.17.2.jar;C:\Users\coron\.m2\repository\com\fasterxml\jackson\module\jackson-module-parameter-names\2.17.2\jackson-module-parameter-names-2.17.2.jar;C:\Users\coron\.m2\repository\org\springframework\boot\spring-boot-starter-tomcat\3.3.3\spring-boot-starter-tomcat-3.3.3.jar;C:\Users\coron\.m2\repository\org\apache\tomcat\embed\tomcat-embed-core\10.1.28\tomcat-embed-core-10.1.28.jar;C:\Users\coron\.m2\repository\org\apache\tomcat\embed\tomcat-embed-el\10.1.28\tomcat-embed-el-10.1.28.jar;C:\Users\coron\.m2\repository\org\apache\tomcat\embed\tomcat-embed-websocket\10.1.28\tomcat-embed-websocket-10.1.28.jar;C:\Users\coron\.m2\repository\org\springframework\spring-web\6.1.12\spring-web-6.1.12.jar;C:\Users\coron\.m2\repository\io\micrometer\micrometer-observation\1.13.3\micrometer-observation-1.13.3.jar;C:\Users\coron\.m2\repository\io\micrometer\micrometer-commons\1.13.3\micrometer-commons-1.13.3.jar;C:\Users\coron\.m2\repository\org\springframework\spring-webmvc\6.1.12\spring-webmvc-6.1.12.jar;C:\Users\coron\.m2\repository\org\springframework\boot\spring-boot-devtools\3.3.3\spring-boot-devtools-3.3.3.jar;C:\Users\coron\.m2\repository\org\springframework\boot\spring-boot\3.3.3\spring-boot-3.3.3.jar;C:\Users\coron\.m2\repository\org\springframework\boot\spring-boot-autoconfigure\3.3.3\spring-boot-autoconfigure-3.3.3.jar;C:\Users\coron\.m2\repository\org\postgresql\postgresql\42.7.3\postgresql-42.7.3.jar;C:\Users\coron\.m2\repository\org\checkerframework\checker-qual\3.42.0\checker-qual-3.42.0.jar;C:\Users\coron\.m2\repository\org\projectlombok\lombok\1.18.34\lombok-1.18.34.jar;C:\Users\coron\.m2\repository\jakarta\xml\bind\jakarta.xml.bind-api\4.0.2\jakarta.xml.bind-api-4.0.2.jar;C:\Users\coron\.m2\repository\jakarta\activation\jakarta.activation-api\2.1.3\jakarta.activation-api-2.1.3.jar;C:\Users\coron\.m2\repository\org\springframework\spring-core\6.1.12\spring-core-6.1.12.jar;C:\Users\coron\.m2\repository\org\springframework\spring-jcl\6.1.12\spring-jcl-6.1.12.jar;C:\Users\coron\.m2\repository\org\springframework\security\spring-security-core\6.3.3\spring-security-core-6.3.3.jar;C:\Users\coron\.m2\repository\org\springframework\security\spring-security-crypto\6.3.3\spring-security-crypto-6.3.3.jar;C:\Users\coron\.m2\repository\io\jsonwebtoken\jjwt-api\0.11.5\jjwt-api-0.11.5.jar;C:\Users\coron\.m2\repository\io\jsonwebtoken\jjwt-impl\0.11.5\jjwt-impl-0.11.5.jar;C:\Users\coron\.m2\repository\io\jsonwebtoken\jjwt-jackson\0.11.5\jjwt-jackson-0.11.5.jar;C:\Users\coron\.m2\repository\com\fasterxml\jackson\core\jackson-databind\2.17.2\jackson-databind-2.17.2.jar;C:\Users\coron\.m2\repository\com\fasterxml\jackson\core\jackson-annotations\2.17.2\jackson-annotations-2.17.2.jar;C:\Users\coron\.m2\repository\com\fasterxml\jackson\core\jackson-core\2.17.2\jackson-core-2.17.2.jar
Launcher Type: SUN_STANDARD

[Global flags]
     intx CICompilerCount                          = 4                                         {product} {ergonomic}
     uint ConcGCThreads                            = 2                                         {product} {ergonomic}
     uint G1ConcRefinementThreads                  = 8                                         {product} {ergonomic}
   size_t G1HeapRegionSize                         = 2097152                                   {product} {ergonomic}
   size_t InitialHeapSize                          = 201326592                                 {product} {ergonomic}
   size_t MarkStackSize                            = 4194304                                   {product} {ergonomic}
   size_t MaxHeapSize                              = 3191865344                                {product} {ergonomic}
   size_t MaxNewSize                               = 1914699776                                {product} {ergonomic}
   size_t MinHeapDeltaBytes                        = 2097152                                   {product} {ergonomic}
   size_t MinHeapSize                              = 8388608                                   {product} {ergonomic}
    uintx NonNMethodCodeHeapSize                   = 5839372                                {pd product} {ergonomic}
    uintx NonProfiledCodeHeapSize                  = 122909434                              {pd product} {ergonomic}
    uintx ProfiledCodeHeapSize                     = 122909434                              {pd product} {ergonomic}
    uintx ReservedCodeCacheSize                    = 251658240                              {pd product} {ergonomic}
     bool SegmentedCodeCache                       = true                                      {product} {ergonomic}
   size_t SoftMaxHeapSize                          = 3191865344                             {manageable} {ergonomic}
     bool UseCompressedOops                        = true                           {product lp64_product} {ergonomic}
     bool UseG1GC                                  = true                                      {product} {ergonomic}
     bool UseLargePagesIndividualAllocation        = false                                  {pd product} {ergonomic}

Logging:
Log output configuration:
 #0: stdout all=warning uptime,level,tags foldmultilines=false
 #1: stderr all=off uptime,level,tags foldmultilines=false

Environment Variables:
JAVA_HOME=Z:\java jdk\jdk-20.0.2
PATH=C:\Python312\Scripts\;C:\Python312\;C:\Program Files (x86)\Intel\Intel(R) Management Engine Components\iCLS\;C:\Program Files\Intel\Intel(R) Management Engine Components\iCLS\;C:\Windows\system32;C:\Windows;C:\Windows\System32\Wbem;C:\Windows\System32\WindowsPowerShell\v1.0\;C:\Windows\System32\OpenSSH\;C:\Program Files (x86)\Intel\Intel(R) Management Engine Components\DAL;C:\Program Files\Intel\Intel(R) Management Engine Components\DAL;C:\Program Files\Intel\TXE Components\DAL\;C:\Program Files (x86)\Intel\TXE Components\DAL\;C:\Program Files\Intel\TXE Components\IPT\;C:\Program Files (x86)\Intel\TXE Components\IPT\;Z:\java jdk\jdk-20.0.2\bin;C:\Program Files\Git\cmd;C:\ProgramData\chocolatey\bin;C:\Users\coron\AppData\Roaming\nvm;C:\Program Files\nodejs;C:\Users\coron\.cargo\bin;C:\Users\coron\AppData\Local\Microsoft\WindowsApps;C:\Users\coron\AppData\Local\GitHubDesktop\bin;C:\Users\coron\AppData\Roaming\nvm;C:\Program Files\nodejs;C:\Users\coron\AppData\Local\Programs\Microsoft VS Code\bin;C:\Program Files\PostgreSQL\16\bin;;C:\Program Files\JetBrains\IntelliJ IDEA Community Edition 2024.1.4\bin;
USERNAME=coron
OS=Windows_NT
PROCESSOR_IDENTIFIER=Intel64 Family 6 Model 142 Stepping 10, GenuineIntel
TMP=C:\Users\coron\AppData\Local\Temp
TEMP=C:\Users\coron\AppData\Local\Temp




Periodic native trim disabled

---------------  S Y S T E M  ---------------

OS:
 Windows 10 , 64 bit Build 19041 (10.0.19041.4842)
OS uptime: 0 days 18:53 hours

CPU: total 8 (initial active 8) (4 cores per cpu, 2 threads per core) family 6 model 142 stepping 10 microcode 0xb4, cx8, cmov, fxsr, ht, mmx, 3dnowpref, sse, sse2, sse3, ssse3, sse4.1, sse4.2, popcnt, lzcnt, tsc, tscinvbit, avx, avx2, aes, erms, clmul, bmi1, bmi2, adx, fma, vzeroupper, clflush, clflushopt, rdtscp, f16c
Processor Information for all 8 processors :
  Max Mhz: 1800, Current Mhz: 1800, Mhz Limit: 1584

Memory: 4k page, system-wide physical 12174M (1474M free)
TotalPageFile size 14222M (AvailPageFile size 45M)
current process WorkingSet (physical memory assigned to process): 265M, peak: 278M
current process commit charge ("private bytes"): 302M, peak: 346M

vm_info: OpenJDK 64-Bit Server VM (22.0.2+9-70) for windows-amd64 JRE (22.0.2+9-70), built on 2024-06-04T16:52:23Z by "mach5one" with MS VC++ 17.6 (VS2022)

END.
